Using pre-set license
Built from '2020.3/staging' branch; Version is '2020.3.4f1 (0abb6314276a) revision 703331'; Using compiler version '192528614'; Build Type 'Release'
OS: 'Windows 10 Home; OS build 19042.1052; Version 2009; 64bit' Language: 'en' Physical Memory: 16234 MB
BatchMode: 1, IsHumanControllingUs: 0, StartBugReporterOnCrash: 0, Is64bit: 1, IsPro: 0

 COMMAND LINE ARGUMENTS:
D:\apps\2020.3.4f1\Editor\Unity.exe
-adb2
-batchMode
-noUpm
-name
AssetImportWorker0
-projectPath
D:/Programming/UnityZappy
-logFile
Logs/AssetImportWorker0.log
-srvPort
4198
Successfully changed project path to: D:/Programming/UnityZappy
D:/Programming/UnityZappy
Using Asset Import Pipeline V2.
Refreshing native plugins compatible for Editor in 26.37 ms, found 0 plugins.
Preloading 0 native plugins for Editor in 0.00 ms.
Initialize engine version: 2020.3.4f1 (0abb6314276a)
[Subsystems] Discovering subsystems at path D:/apps/2020.3.4f1/Editor/Data/Resources/UnitySubsystems
[Subsystems] Discovering subsystems at path D:/Programming/UnityZappy/Assets
GfxDevice: creating device client; threaded=0
Direct3D:
    Version:  Direct3D 11.0 [level 11.1]
    Renderer: NVIDIA GeForce GTX 1650 (ID=0x1f91)
    Vendor:   
    VRAM:     3962 MB
    Driver:   27.21.14.6663
Initialize mono
Mono path[0] = 'D:/apps/2020.3.4f1/Editor/Data/Managed'
Mono path[1] = 'D:/apps/2020.3.4f1/Editor/Data/MonoBleedingEdge/lib/mono/unityjit'
Mono config path = 'D:/apps/2020.3.4f1/Editor/Data/MonoBleedingEdge/etc'
Using monoOptions --debugger-agent=transport=dt_socket,embedding=1,server=y,suspend=n,address=127.0.0.1:56420
Begin MonoManager ReloadAssembly
Registering precompiled unity dll's ...
Register platform support module: D:/apps/2020.3.4f1/Editor/Data/PlaybackEngines/WindowsStandaloneSupport/UnityEditor.WindowsStandalone.Extensions.dll
Registered in 0.001051 seconds.
Native extension for WindowsStandalone target not found
Refreshing native plugins compatible for Editor in 24.72 ms, found 0 plugins.
Preloading 0 native plugins for Editor in 0.00 ms.
Mono: successfully reloaded assembly
- Completed reload, in  2.183 seconds
Platform modules already initialized, skipping
Registering precompiled user dll's ...
Registered in 0.000690 seconds.
Begin MonoManager ReloadAssembly
Native extension for WindowsStandalone target not found
Refreshing native plugins compatible for Editor in 0.19 ms, found 0 plugins.
Preloading 0 native plugins for Editor in 0.00 ms.
Mono: successfully reloaded assembly
- Completed reload, in  0.825 seconds
Platform modules already initialized, skipping
========================================================================
Worker process is ready to serve import requests
Launched and connected shader compiler UnityShaderCompiler.exe after 0.05 seconds
Refreshing native plugins compatible for Editor in 0.20 ms, found 0 plugins.
Preloading 0 native plugins for Editor in 0.00 ms.
Unloading 1145 Unused Serialized files (Serialized files now loaded: 0)
System memory in use before: 62.4 MB.
System memory in use after: 62.5 MB.

Unloading 10 unused Assets to reduce memory usage. Loaded Objects now: 1594.
Total: 2.060800 ms (FindLiveObjects: 0.139800 ms CreateObjectMapping: 0.044700 ms MarkObjects: 1.779800 ms  DeleteObjects: 0.095500 ms)

========================================================================
Received Import Request.
  path: Assets/Scripts/Players.cs
  artifactKey: Guid(bcb71b171ded7f7499e25e89dd49d4ad) Importer(815301076,1909f56bfc062723c751e8b465ee728b)
Start importing Assets/Scripts/Players.cs using Guid(bcb71b171ded7f7499e25e89dd49d4ad) Importer(815301076,1909f56bfc062723c751e8b465ee728b)  -> (artifact id: '14a016a7adcf4b8ffd2694ce737c54d5') in 0.058506 seconds
  Import took 0.060427 seconds .

========================================================================
Received Prepare
Registering precompiled user dll's ...
Registered in 0.000838 seconds.
Begin MonoManager ReloadAssembly
Native extension for WindowsStandalone target not found
Refreshing native plugins compatible for Editor in 0.22 ms, found 0 plugins.
Preloading 0 native plugins for Editor in 0.00 ms.
Mono: successfully reloaded assembly
- Completed reload, in  0.959 seconds
Platform modules already initialized, skipping
Refreshing native plugins compatible for Editor in 0.41 ms, found 0 plugins.
Preloading 0 native plugins for Editor in 0.00 ms.
Unloading 1123 Unused Serialized files (Serialized files now loaded: 0)
System memory in use before: 60.7 MB.
System memory in use after: 60.8 MB.

Unloading 5 unused Assets to reduce memory usage. Loaded Objects now: 1597.
Total: 3.925900 ms (FindLiveObjects: 0.416200 ms CreateObjectMapping: 0.100800 ms MarkObjects: 3.290600 ms  DeleteObjects: 0.115100 ms)

========================================================================
Received Import Request.
  Time since last request: 75.778377 seconds.
  path: Assets/Scripts/Players.cs
  artifactKey: Guid(bcb71b171ded7f7499e25e89dd49d4ad) Importer(815301076,1909f56bfc062723c751e8b465ee728b)
Start importing Assets/Scripts/Players.cs using Guid(bcb71b171ded7f7499e25e89dd49d4ad) Importer(815301076,1909f56bfc062723c751e8b465ee728b)  -> (artifact id: '828d4b0f29b6aae6e5271f0b8fe21f24') in 0.003666 seconds
  Import took 0.005384 seconds .

========================================================================
Received Import Request.
  Time since last request: 33.067106 seconds.
  path: Assets/Scripts/Players.cs
  artifactKey: Guid(bcb71b171ded7f7499e25e89dd49d4ad) Importer(815301076,1909f56bfc062723c751e8b465ee728b)
Start importing Assets/Scripts/Players.cs using Guid(bcb71b171ded7f7499e25e89dd49d4ad) Importer(815301076,1909f56bfc062723c751e8b465ee728b)  -> (artifact id: '257aab5f07085445e0ca819125839205') in 0.002948 seconds
  Import took 0.004829 seconds .

========================================================================
Received Import Request.
  Time since last request: 20.214720 seconds.
  path: Assets/Scripts/Players.cs
  artifactKey: Guid(bcb71b171ded7f7499e25e89dd49d4ad) Importer(815301076,1909f56bfc062723c751e8b465ee728b)
Start importing Assets/Scripts/Players.cs using Guid(bcb71b171ded7f7499e25e89dd49d4ad) Importer(815301076,1909f56bfc062723c751e8b465ee728b)  -> (artifact id: 'd849fb5b61d01e38c09d8e6b34338605') in 0.001901 seconds
  Import took 0.004450 seconds .

========================================================================
Received Import Request.
  Time since last request: 8.304576 seconds.
  path: Assets/Scripts/Players.cs
  artifactKey: Guid(bcb71b171ded7f7499e25e89dd49d4ad) Importer(815301076,1909f56bfc062723c751e8b465ee728b)
Start importing Assets/Scripts/Players.cs using Guid(bcb71b171ded7f7499e25e89dd49d4ad) Importer(815301076,1909f56bfc062723c751e8b465ee728b)  -> (artifact id: '7b893c535fabe6e24dd108a9c5a705bb') in 0.002178 seconds
  Import took 0.005755 seconds .

========================================================================
Received Import Request.
  Time since last request: 101.059493 seconds.
  path: Assets/Scripts/Players.cs
  artifactKey: Guid(bcb71b171ded7f7499e25e89dd49d4ad) Importer(815301076,1909f56bfc062723c751e8b465ee728b)
Start importing Assets/Scripts/Players.cs using Guid(bcb71b171ded7f7499e25e89dd49d4ad) Importer(815301076,1909f56bfc062723c751e8b465ee728b)  -> (artifact id: '9817592e9c2bee756945abbe59a16556') in 0.002487 seconds
  Import took 0.006824 seconds .

========================================================================
Received Import Request.
  Time since last request: 87.647055 seconds.
  path: Assets/Scripts/Players.cs
  artifactKey: Guid(bcb71b171ded7f7499e25e89dd49d4ad) Importer(815301076,1909f56bfc062723c751e8b465ee728b)
Start importing Assets/Scripts/Players.cs using Guid(bcb71b171ded7f7499e25e89dd49d4ad) Importer(815301076,1909f56bfc062723c751e8b465ee728b)  -> (artifact id: 'b328cb620e5ef97313ea859cd41a8ec5') in 0.002361 seconds
  Import took 0.004578 seconds .

========================================================================
Received Prepare
Registering precompiled user dll's ...
Registered in 0.000601 seconds.
Begin MonoManager ReloadAssembly
Native extension for WindowsStandalone target not found
Refreshing native plugins compatible for Editor in 0.21 ms, found 0 plugins.
Preloading 0 native plugins for Editor in 0.00 ms.
Mono: successfully reloaded assembly
- Completed reload, in  0.743 seconds
Platform modules already initialized, skipping
Refreshing native plugins compatible for Editor in 0.23 ms, found 0 plugins.
Preloading 0 native plugins for Editor in 0.00 ms.
Unloading 1123 Unused Serialized files (Serialized files now loaded: 0)
System memory in use before: 60.7 MB.
System memory in use after: 60.8 MB.

Unloading 5 unused Assets to reduce memory usage. Loaded Objects now: 1600.
Total: 1.546600 ms (FindLiveObjects: 0.114100 ms CreateObjectMapping: 0.031100 ms MarkObjects: 1.355100 ms  DeleteObjects: 0.045600 ms)

========================================================================
Received Import Request.
  Time since last request: 82.091049 seconds.
  path: Assets/Scripts/Players.cs
  artifactKey: Guid(bcb71b171ded7f7499e25e89dd49d4ad) Importer(815301076,1909f56bfc062723c751e8b465ee728b)
Start importing Assets/Scripts/Players.cs using Guid(bcb71b171ded7f7499e25e89dd49d4ad) Importer(815301076,1909f56bfc062723c751e8b465ee728b)  -> (artifact id: '4594fd0d68ff85e4f19c07c0d55aa36d') in 0.003348 seconds
  Import took 0.004998 seconds .

========================================================================
Received Prepare
Registering precompiled user dll's ...
Registered in 0.000848 seconds.
Begin MonoManager ReloadAssembly
Native extension for WindowsStandalone target not found
Refreshing native plugins compatible for Editor in 0.20 ms, found 0 plugins.
Preloading 0 native plugins for Editor in 0.00 ms.
Mono: successfully reloaded assembly
- Completed reload, in  0.705 seconds
Platform modules already initialized, skipping
Refreshing native plugins compatible for Editor in 0.57 ms, found 0 plugins.
Preloading 0 native plugins for Editor in 0.00 ms.
Unloading 1123 Unused Serialized files (Serialized files now loaded: 0)
System memory in use before: 60.7 MB.
System memory in use after: 60.8 MB.

Unloading 5 unused Assets to reduce memory usage. Loaded Objects now: 1603.
Total: 1.842800 ms (FindLiveObjects: 0.124500 ms CreateObjectMapping: 0.034700 ms MarkObjects: 1.633100 ms  DeleteObjects: 0.049000 ms)

========================================================================
Received Import Request.
  Time since last request: 221.842042 seconds.
  path: Assets/Scripts/Players.cs
  artifactKey: Guid(bcb71b171ded7f7499e25e89dd49d4ad) Importer(815301076,1909f56bfc062723c751e8b465ee728b)
Start importing Assets/Scripts/Players.cs using Guid(bcb71b171ded7f7499e25e89dd49d4ad) Importer(815301076,1909f56bfc062723c751e8b465ee728b)  -> (artifact id: '46fa358a7be34eeb9bb695469e7370f6') in 0.008044 seconds
  Import took 0.011087 seconds .

========================================================================
Received Prepare
Registering precompiled user dll's ...
Registered in 0.000574 seconds.
Begin MonoManager ReloadAssembly
Native extension for WindowsStandalone target not found
Refreshing native plugins compatible for Editor in 0.20 ms, found 0 plugins.
Preloading 0 native plugins for Editor in 0.00 ms.
Mono: successfully reloaded assembly
- Completed reload, in  0.731 seconds
Platform modules already initialized, skipping
Refreshing native plugins compatible for Editor in 0.20 ms, found 0 plugins.
Preloading 0 native plugins for Editor in 0.00 ms.
Unloading 1123 Unused Serialized files (Serialized files now loaded: 0)
System memory in use before: 60.7 MB.
System memory in use after: 60.8 MB.

Unloading 5 unused Assets to reduce memory usage. Loaded Objects now: 1606.
Total: 1.690500 ms (FindLiveObjects: 0.157700 ms CreateObjectMapping: 0.043600 ms MarkObjects: 1.440100 ms  DeleteObjects: 0.047900 ms)

========================================================================
Received Import Request.
  Time since last request: 81.872213 seconds.
  path: Assets/Scripts/Players.cs
  artifactKey: Guid(bcb71b171ded7f7499e25e89dd49d4ad) Importer(815301076,1909f56bfc062723c751e8b465ee728b)
Start importing Assets/Scripts/Players.cs using Guid(bcb71b171ded7f7499e25e89dd49d4ad) Importer(815301076,1909f56bfc062723c751e8b465ee728b)  -> (artifact id: '7de5ff82024422f1dee0c1aff162c6f0') in 0.004728 seconds
  Import took 0.008190 seconds .

========================================================================
Received Prepare
Registering precompiled user dll's ...
Registered in 0.000631 seconds.
Begin MonoManager ReloadAssembly
Native extension for WindowsStandalone target not found
Refreshing native plugins compatible for Editor in 0.20 ms, found 0 plugins.
Preloading 0 native plugins for Editor in 0.00 ms.
Mono: successfully reloaded assembly
- Completed reload, in  0.731 seconds
Platform modules already initialized, skipping
Refreshing native plugins compatible for Editor in 0.20 ms, found 0 plugins.
Preloading 0 native plugins for Editor in 0.00 ms.
Unloading 1123 Unused Serialized files (Serialized files now loaded: 0)
System memory in use before: 60.7 MB.
System memory in use after: 60.8 MB.

Unloading 5 unused Assets to reduce memory usage. Loaded Objects now: 1609.
Total: 1.628700 ms (FindLiveObjects: 0.215900 ms CreateObjectMapping: 0.055100 ms MarkObjects: 1.303300 ms  DeleteObjects: 0.053400 ms)

========================================================================
Received Prepare
Registering precompiled user dll's ...
Registered in 0.000672 seconds.
Begin MonoManager ReloadAssembly
Native extension for WindowsStandalone target not found
Refreshing native plugins compatible for Editor in 0.46 ms, found 0 plugins.
Preloading 0 native plugins for Editor in 0.00 ms.
Mono: successfully reloaded assembly
- Completed reload, in  0.700 seconds
Platform modules already initialized, skipping
Refreshing native plugins compatible for Editor in 0.24 ms, found 0 plugins.
Preloading 0 native plugins for Editor in 0.00 ms.
Unloading 1123 Unused Serialized files (Serialized files now loaded: 0)
System memory in use before: 60.8 MB.
System memory in use after: 60.8 MB.

Unloading 5 unused Assets to reduce memory usage. Loaded Objects now: 1612.
Total: 1.790400 ms (FindLiveObjects: 0.279100 ms CreateObjectMapping: 0.043500 ms MarkObjects: 1.415000 ms  DeleteObjects: 0.051000 ms)

========================================================================
Received Prepare
Registering precompiled user dll's ...
Registered in 0.000572 seconds.
Begin MonoManager ReloadAssembly
Native extension for WindowsStandalone target not found
Refreshing native plugins compatible for Editor in 0.20 ms, found 0 plugins.
Preloading 0 native plugins for Editor in 0.00 ms.
Mono: successfully reloaded assembly
- Completed reload, in  0.731 seconds
Platform modules already initialized, skipping
Refreshing native plugins compatible for Editor in 0.20 ms, found 0 plugins.
Preloading 0 native plugins for Editor in 0.00 ms.
Unloading 1123 Unused Serialized files (Serialized files now loaded: 0)
System memory in use before: 60.8 MB.
System memory in use after: 60.8 MB.

Unloading 5 unused Assets to reduce memory usage. Loaded Objects now: 1615.
Total: 2.390900 ms (FindLiveObjects: 0.317300 ms CreateObjectMapping: 0.077600 ms MarkObjects: 1.933900 ms  DeleteObjects: 0.060600 ms)

========================================================================
Received Prepare
Registering precompiled user dll's ...
Registered in 0.000648 seconds.
Begin MonoManager ReloadAssembly
Native extension for WindowsStandalone target not found
Refreshing native plugins compatible for Editor in 0.20 ms, found 0 plugins.
Preloading 0 native plugins for Editor in 0.00 ms.
Mono: successfully reloaded assembly
- Completed reload, in  0.712 seconds
Platform modules already initialized, skipping
Refreshing native plugins compatible for Editor in 0.72 ms, found 0 plugins.
Preloading 0 native plugins for Editor in 0.00 ms.
Unloading 1123 Unused Serialized files (Serialized files now loaded: 0)
System memory in use before: 60.8 MB.
System memory in use after: 60.8 MB.

Unloading 5 unused Assets to reduce memory usage. Loaded Objects now: 1618.
Total: 1.743900 ms (FindLiveObjects: 0.141600 ms CreateObjectMapping: 0.037500 ms MarkObjects: 1.515700 ms  DeleteObjects: 0.048300 ms)

